TN:
SF:src/router.ts
FN:24,(anonymous_0)
FN:38,(anonymous_1)
FNF:2
FNH:2
FNDA:4,(anonymous_0)
FNDA:5,(anonymous_1)
DA:1,2
DA:2,2
DA:3,2
DA:4,2
DA:6,2
DA:8,2
DA:9,2
DA:16,2
DA:24,4
DA:29,2
DA:38,5
DA:44,2
DA:51,2
DA:57,2
LF:14
LH:14
BRF:0
BRH:0
end_of_record
TN:
SF:src/server.ts
FN:6,connectDB
FN:25,(anonymous_2)
FNF:2
FNH:2
FNDA:3,connectDB
FNDA:1,(anonymous_2)
DA:1,2
DA:2,2
DA:3,2
DA:4,2
DA:6,2
DA:7,3
DA:8,3
DA:9,2
DA:12,1
DA:16,2
DA:18,2
DA:21,2
DA:23,2
DA:25,2
DA:26,1
DA:29,2
LF:16
LH:16
BRF:0
BRH:0
end_of_record
TN:
SF:src/config/db.ts
FNF:0
FNH:0
DA:1,2
DA:2,2
DA:3,2
DA:5,2
DA:7,2
LF:5
LH:5
BRF:0
BRH:0
end_of_record
TN:
SF:src/handlers/product.ts
FN:4,(anonymous_1)
FN:8,(anonymous_2)
FN:19,(anonymous_3)
FN:25,(anonymous_4)
FN:40,(anonymous_5)
FN:56,(anonymous_6)
FNF:6
FNH:6
FNDA:2,(anonymous_1)
FNDA:2,(anonymous_2)
FNDA:1,(anonymous_3)
FNDA:2,(anonymous_4)
FNDA:2,(anonymous_5)
FNDA:2,(anonymous_6)
DA:2,2
DA:4,2
DA:5,2
DA:6,2
DA:8,2
DA:9,2
DA:10,2
DA:11,2
DA:12,1
DA:16,1
DA:19,2
DA:20,1
DA:21,1
DA:25,2
DA:26,2
DA:27,2
DA:28,2
DA:29,1
DA:34,1
DA:36,1
DA:40,2
DA:41,2
DA:42,2
DA:43,2
DA:44,1
DA:49,1
DA:50,1
DA:52,1
DA:56,2
DA:57,2
DA:58,2
DA:59,2
DA:60,1
DA:65,1
DA:66,1
LF:35
LH:35
BRDA:11,0,0,1
BRDA:11,0,1,1
BRDA:28,1,0,1
BRDA:28,1,1,1
BRDA:34,2,0,1
BRDA:34,2,1,1
BRDA:43,3,0,1
BRDA:43,3,1,1
BRDA:59,4,0,1
BRDA:59,4,1,1
BRF:10
BRH:10
end_of_record
TN:
SF:src/middleware/index.ts
FN:5,(anonymous_0)
FNF:1
FNH:1
FNDA:17,(anonymous_0)
DA:2,2
DA:5,2
DA:7,17
DA:8,17
DA:9,8
DA:11,9
LF:6
LH:6
BRDA:8,0,0,8
BRDA:8,0,1,9
BRF:2
BRH:2
end_of_record
TN:
SF:src/models/Product.model.ts
FNF:0
FNH:0
DA:1,3
DA:7,3
DA:9,3
DA:12,3
DA:16,3
DA:19,3
LF:6
LH:6
BRF:0
BRH:0
end_of_record
